<?xml version="1.0" encoding="UTF-8"?>
<!-- Generated by org.testng.reporters.JUnitXMLReporter -->
<testsuite ignored="0" hostname="LAPTOP-J0AMB9S9" failures="0" tests="3" name="Default test" time="17.273" errors="0" timestamp="2022-05-19T12:25:37 IST">
  <testcase classname="com.qa.TestLayer.TestCase" name="verifyBuyingOfNexus6" time="1.428"/>
  <testcase classname="com.qa.TestLayer.TestCase" name="verifyBuyingOfNokiaLumia1520" time="0.977"/>
  <testcase classname="com.qa.TestLayer.TestCase" name="verifyBuyingOfSamsungGalaxyS6" time="1.536"/>
</testsuite> <!-- Default test -->
