<?xml version="1.0" encoding="UTF-8"?>
<!-- Generated by org.testng.reporters.JUnitXMLReporter -->
<testsuite ignored="0" hostname="pratghag" failures="0" tests="3" name="Test" time="25.447" errors="0" timestamp="2022-05-19T11:59:35 IST">
  <testcase classname="com.qa.TestLayer.TestCase" name="verifyBuyingOfNexus6" time="1.807"/>
  <testcase classname="com.qa.TestLayer.TestCase" name="verifyBuyingOfNokiaLumia1520" time="1.494"/>
  <testcase classname="com.qa.TestLayer.TestCase" name="verifyBuyingOfSamsungGalaxyS6" time="1.663"/>
</testsuite> <!-- Test -->
