<?xml version="1.0" encoding="UTF-8"?>
<testng-results ignored="0" total="3" passed="3" failed="0" skipped="0">
  <reporter-output>
  </reporter-output>
  <suite started-at="2022-05-19T12:25:20 IST" name="Default suite" finished-at="2022-05-19T12:25:37 IST" duration-ms="17273">
    <groups>
    </groups>
    <test started-at="2022-05-19T12:25:20 IST" name="Default test" finished-at="2022-05-19T12:25:37 IST" duration-ms="17273">
      <class name="com.qa.TestLayer.TestCase">
        <test-method is-config="true" signature="setUp()[pri:0, instance:com.qa.TestLayer.TestCase@470f1802]" started-at="2022-05-19T12:25:20 IST" name="setUp" finished-at="2022-05-19T12:25:25 IST" duration-ms="4897" status="PASS">
          <reporter-output>
          </reporter-output>
        </test-method> <!-- setUp -->
        <test-method signature="verifyBuyingOfNexus6()[pri:0, instance:com.qa.TestLayer.TestCase@470f1802]" started-at="2022-05-19T12:25:25 IST" name="verifyBuyingOfNexus6" finished-at="2022-05-19T12:25:26 IST" duration-ms="1428" status="PASS">
          <reporter-output>
          </reporter-output>
        </test-method> <!-- verifyBuyingOfNexus6 -->
        <test-method is-config="true" signature="tearDown()[pri:0, instance:com.qa.TestLayer.TestCase@470f1802]" started-at="2022-05-19T12:25:26 IST" name="tearDown" finished-at="2022-05-19T12:25:27 IST" duration-ms="577" status="PASS">
          <reporter-output>
          </reporter-output>
        </test-method> <!-- tearDown -->
        <test-method is-config="true" signature="setUp()[pri:0, instance:com.qa.TestLayer.TestCase@470f1802]" started-at="2022-05-19T12:25:27 IST" name="setUp" finished-at="2022-05-19T12:25:30 IST" duration-ms="3692" status="PASS">
          <reporter-output>
          </reporter-output>
        </test-method> <!-- setUp -->
        <test-method signature="verifyBuyingOfNokiaLumia1520()[pri:0, instance:com.qa.TestLayer.TestCase@470f1802]" started-at="2022-05-19T12:25:30 IST" name="verifyBuyingOfNokiaLumia1520" finished-at="2022-05-19T12:25:31 IST" duration-ms="977" status="PASS">
          <reporter-output>
          </reporter-output>
        </test-method> <!-- verifyBuyingOfNokiaLumia1520 -->
        <test-method is-config="true" signature="tearDown()[pri:0, instance:com.qa.TestLayer.TestCase@470f1802]" started-at="2022-05-19T12:25:31 IST" name="tearDown" finished-at="2022-05-19T12:25:32 IST" duration-ms="560" status="PASS">
          <reporter-output>
          </reporter-output>
        </test-method> <!-- tearDown -->
        <test-method is-config="true" signature="setUp()[pri:0, instance:com.qa.TestLayer.TestCase@470f1802]" started-at="2022-05-19T12:25:32 IST" name="setUp" finished-at="2022-05-19T12:25:35 IST" duration-ms="3072" status="PASS">
          <reporter-output>
          </reporter-output>
        </test-method> <!-- setUp -->
        <test-method signature="verifyBuyingOfSamsungGalaxyS6()[pri:0, instance:com.qa.TestLayer.TestCase@470f1802]" started-at="2022-05-19T12:25:35 IST" name="verifyBuyingOfSamsungGalaxyS6" finished-at="2022-05-19T12:25:36 IST" duration-ms="1536" status="PASS">
          <reporter-output>
          </reporter-output>
        </test-method> <!-- verifyBuyingOfSamsungGalaxyS6 -->
        <test-method is-config="true" signature="tearDown()[pri:0, instance:com.qa.TestLayer.TestCase@470f1802]" started-at="2022-05-19T12:25:36 IST" name="tearDown" finished-at="2022-05-19T12:25:37 IST" duration-ms="502" status="PASS">
          <reporter-output>
          </reporter-output>
        </test-method> <!-- tearDown -->
      </class> <!-- com.qa.TestLayer.TestCase -->
    </test> <!-- Default test -->
  </suite> <!-- Default suite -->
</testng-results>
